<?xml version="1.0" encoding="utf-8"?><testsuites><testsuite errors="0" failures="0" hostname="MacBook-Pro-3.local" name="pytest" skipped="0" tests="2" time="0.719" timestamp="2021-06-10T10:37:49.746658"><testcase classname="tests.Reliability.test_SORM" name="test_sorm" time="0.037" /><testcase classname="tests.Reliability.test_SORM" name="test_form_obj" time="0.002" /></testsuite></testsuites>